;;; 
Export: Release 11.2.0.2.0 - Production on Thu May 28 22:58:09 2020

Copyright (c) 1982, 2009, Oracle and/or its affiliates.  All rights reserved.
;;; 
Connected to: Oracle Database 11g Express Edition Release 11.2.0.2.0 - 64bit Production
Starting "CLASSROOM"."SYS_EXPORT_SCHEMA_01":  classroom/******** directory=DUMPS dumpfile=classroom.dmp logfile=classroom.log SCHEMAS=CLASSROOM 
Estimate in progress using BLOCKS method...
Processing object type SCHEMA_EXPORT/TABLE/TABLE_DATA
Total estimation using BLOCKS method: 320 KB
Processing object type SCHEMA_EXPORT/USER
Processing object type SCHEMA_EXPORT/SYSTEM_GRANT
Processing object type SCHEMA_EXPORT/ROLE_GRANT
Processing object type SCHEMA_EXPORT/DEFAULT_ROLE
Processing object type SCHEMA_EXPORT/PRE_SCHEMA/PROCACT_SCHEMA
Processing object type SCHEMA_EXPORT/TABLE/TABLE
Processing object type SCHEMA_EXPORT/TABLE/INDEX/INDEX
Processing object type SCHEMA_EXPORT/TABLE/CONSTRAINT/CONSTRAINT
Processing object type SCHEMA_EXPORT/TABLE/INDEX/STATISTICS/INDEX_STATISTICS
Processing object type SCHEMA_EXPORT/TABLE/COMMENT
Processing object type SCHEMA_EXPORT/TABLE/CONSTRAINT/REF_CONSTRAINT
Processing object type SCHEMA_EXPORT/TABLE/STATISTICS/TABLE_STATISTICS
. . exported "CLASSROOM"."COURSE"                        6.992 KB       3 rows
. . exported "CLASSROOM"."LECTURE"                       8.773 KB       9 rows
. . exported "CLASSROOM"."ROLE"                          5.914 KB       2 rows
. . exported "CLASSROOM"."USERS"                         5.945 KB       5 rows
. . exported "CLASSROOM"."USER_ROLE"                     6.023 KB       5 rows
Master table "CLASSROOM"."SYS_EXPORT_SCHEMA_01" successfully loaded/unloaded
******************************************************************************
Dump file set for CLASSROOM.SYS_EXPORT_SCHEMA_01 is:
  E:\DUMPS\CLASSROOM.DMP
Job "CLASSROOM"."SYS_EXPORT_SCHEMA_01" successfully completed at 22:58:42
